  aes.c
  aesni.c
  arc4.c
  aria.c
  asn1parse.c
  asn1write.c
  base64.c
  bignum.c
  blowfish.c
  camellia.c
  ccm.c
  chacha20.c
  chachapoly.c
  cipher.c
  cipher_wrap.c
  cmac.c
  ctr_drbg.c
  des.c
  dhm.c
  ecdh.c
  Generating Code...
  Compiling...
  ecdsa.c
  ecjpake.c
  ecp.c
  ecp_curves.c
  entropy.c
  entropy_poll.c
  error.c
  gcm.c
  havege.c
  hkdf.c
  hmac_drbg.c
  md.c
  md2.c
  md4.c
  md5.c
  memory_buffer_alloc.c
  nist_kw.c
  oid.c
  padlock.c
  pem.c
  Generating Code...
  Compiling...
  pk.c
  pk_wrap.c
  pkcs12.c
  pkcs5.c
  pkparse.c
  pkwrite.c
  platform.c
  platform_util.c
  poly1305.c
  psa_crypto.c
  psa_crypto_se.c
  psa_crypto_slot_management.c
  psa_crypto_storage.c
  psa_its_file.c
  ripemd160.c
  rsa.c
  rsa_internal.c
  sha1.c
  sha256.c
  sha512.c
  Generating Code...
  Compiling...
  threading.c
  timing.c
  version.c
  version_features.c
  xtea.c
  everest.c
  Hacl_Curve25519_joined.c
  x25519.c
  FStar_UInt128_extracted.c
  FStar_UInt64_FStar_UInt32_FStar_UInt16_FStar_UInt8.c
  Hacl_Curve25519.c
  Generating Code...
  mbedTLS.vcxproj -> C:\Users\51246\Desktop\AES\V7-077_生成AES加密固件的上位机软件\visualc\VS2010\Debug\mbedTLS.lib
